@NICOTPascal Votre attitude minable face à un agent SNCF pourtant extraordinaire n'est pas passé inaperçu dans le TER arrêté à Ancenis!
log writing failed. closed stream
/home/pierre/.rvm/gems/ruby-2.3.0/gems/actioncable-5.0.0.beta3/lib/action_cable/server/configuration.rb:37:in `rescue in pubsub_adapter': Specified 'redis' for Action Cable pubsub adapter, but the gem is not loaded. Add `gem 'redis'` to your Gemfile (and ensure its version is at the minimum required by Action Cable). (Gem::LoadError)
	from /home/pierre/.rvm/gems/ruby-2.3.0/gems/actioncable-5.0.0.beta3/lib/action_cable/server/configuration.rb:34:in `pubsub_adapter'
	from /home/pierre/.rvm/gems/ruby-2.3.0/gems/actioncable-5.0.0.beta3/lib/action_cable/server/base.rb:62:in `block in pubsub'
	from /home/pierre/.rvm/gems/ruby-2.3.0/gems/actioncable-5.0.0.beta3/lib/action_cable/server/base.rb:62:in `synchronize'
	from /home/pierre/.rvm/gems/ruby-2.3.0/gems/actioncable-5.0.0.beta3/lib/action_cable/server/base.rb:62:in `pubsub'
	from /home/pierre/.rvm/gems/ruby-2.3.0/gems/actioncable-5.0.0.beta3/lib/action_cable/server/broadcasting.rb:42:in `broadcast'
	from /home/pierre/.rvm/gems/ruby-2.3.0/gems/actioncable-5.0.0.beta3/lib/action_cable/server/broadcasting.rb:23:in `broadcast'
	from twitter_daemon.rb:38:in `block in <main>'
	from /home/pierre/.rvm/gems/ruby-2.3.0/gems/tweetstream-2.6.1/lib/tweetstream/client.rb:546:in `invoke_callback'
	from /home/pierre/.rvm/gems/ruby-2.3.0/gems/tweetstream-2.6.1/lib/tweetstream/client.rb:554:in `yield_message_to'
	from /home/pierre/.rvm/gems/ruby-2.3.0/gems/tweetstream-2.6.1/lib/tweetstream/client.rb:509:in `respond_to'
	from /home/pierre/.rvm/gems/ruby-2.3.0/gems/tweetstream-2.6.1/lib/tweetstream/client.rb:427:in `block in connect'
	from /home/pierre/.rvm/gems/ruby-2.3.0/gems/em-twitter-0.3.5/lib/em-twitter/connection.rb:297:in `invoke_callback'
	from /home/pierre/.rvm/gems/ruby-2.3.0/gems/em-twitter-0.3.5/lib/em-twitter/connection.rb:145:in `handle_stream'
	from /home/pierre/.rvm/gems/ruby-2.3.0/gems/em-twitter-0.3.5/lib/em-twitter/connection.rb:194:in `block in on_body'
	from /home/pierre/.rvm/gems/ruby-2.3.0/gems/em-twitter-0.3.5/lib/em-twitter/connection.rb:193:in `each'
	from /home/pierre/.rvm/gems/ruby-2.3.0/gems/em-twitter-0.3.5/lib/em-twitter/connection.rb:193:in `on_body'
	from /home/pierre/.rvm/gems/ruby-2.3.0/gems/em-twitter-0.3.5/lib/em-twitter/connection.rb:73:in `call'
	from /home/pierre/.rvm/gems/ruby-2.3.0/gems/em-twitter-0.3.5/lib/em-twitter/connection.rb:73:in `<<'
	from /home/pierre/.rvm/gems/ruby-2.3.0/gems/em-twitter-0.3.5/lib/em-twitter/connection.rb:73:in `receive_data'
	from /home/pierre/.rvm/gems/ruby-2.3.0/gems/eventmachine-1.2.0.1/lib/eventmachine.rb:194:in `run_machine'
	from /home/pierre/.rvm/gems/ruby-2.3.0/gems/eventmachine-1.2.0.1/lib/eventmachine.rb:194:in `run'
	from /home/pierre/.rvm/gems/ruby-2.3.0/gems/tweetstream-2.6.1/lib/tweetstream/client.rb:403:in `start'
	from /home/pierre/.rvm/gems/ruby-2.3.0/gems/tweetstream-2.6.1/lib/tweetstream/daemon.rb:48:in `block in start'
	from /home/pierre/.rvm/gems/ruby-2.3.0/gems/daemons-1.2.3/lib/daemons/application.rb:265:in `block in start_proc'
	from /home/pierre/.rvm/gems/ruby-2.3.0/gems/daemons-1.2.3/lib/daemons/daemonize.rb:84:in `call_as_daemon'
	from /home/pierre/.rvm/gems/ruby-2.3.0/gems/daemons-1.2.3/lib/daemons/application.rb:269:in `start_proc'
	from /home/pierre/.rvm/gems/ruby-2.3.0/gems/daemons-1.2.3/lib/daemons/application.rb:295:in `start'
	from /home/pierre/.rvm/gems/ruby-2.3.0/gems/daemons-1.2.3/lib/daemons/controller.rb:56:in `run'
	from /home/pierre/.rvm/gems/ruby-2.3.0/gems/daemons-1.2.3/lib/daemons.rb:193:in `block in run_proc'
	from /home/pierre/.rvm/gems/ruby-2.3.0/gems/daemons-1.2.3/lib/daemons/cmdline.rb:88:in `catch_exceptions'
	from /home/pierre/.rvm/gems/ruby-2.3.0/gems/daemons-1.2.3/lib/daemons.rb:192:in `run_proc'
	from /home/pierre/.rvm/gems/ruby-2.3.0/gems/tweetstream-2.6.1/lib/tweetstream/daemon.rb:47:in `start'
	from /home/pierre/.rvm/gems/ruby-2.3.0/gems/tweetstream-2.6.1/lib/tweetstream/client.rb:136:in `filter'
	from /home/pierre/.rvm/gems/ruby-2.3.0/gems/tweetstream-2.6.1/lib/tweetstream/client.rb:105:in `track'
	from twitter_daemon.rb:33:in `<main>'
I'm at Gare SNCF de Paris Bercy - @connectgares in Paris, Île-de-France https://t.co/PjrKSXUvUB
log writing failed. closed stream
@OUIBUS @rolbarbe @RPicard_SNCF @SNCF  https://t.co/ObjgXrQndm
log writing failed. closed stream
Tous les jours c'est la même avec la sncf ! Que des trains supprimés
log writing failed. closed stream
RT @Aubin: I'm at Gare SNCF de Lille Europe - @connectgares in Lille, Nord-Pas-de-Calais https://t.co/uGv180PIkK
log writing failed. closed stream
Comment être de bonne humeur pour aller au travail ? Meeeerci la @SNCF ! 😍 cc @LigneH_SNCF https://t.co/s7dCij56gg
log writing failed. closed stream
On voyage, comme du bétail, à la SNCF! Avec la semaine des 4 jours, c'est le jeudi, qu' il faut prévoir! On ne travaille plus le vendredi!
log writing failed. closed stream
RT @Stacybvl: Comment être de bonne humeur pour aller au travail ? Meeeerci la @SNCF ! 😍 cc @LigneH_SNCF https://t.co/s7dCij56gg
log writing failed. closed stream
Bonjour @SNCF mon TGV a plus de 30 minutes de retard. Comment me faire rembourser mon billet
log writing failed. closed stream
La @SNCF distribue des oeufs de Pâques à PNO. Nous en restera-t-il ! Bloqué sur les voies ! #qml
log writing failed. closed stream
RT @Stacybvl: Comment être de bonne humeur pour aller au travail ? Meeeerci la @SNCF ! 😍 cc @LigneH_SNCF https://t.co/s7dCij56gg
log writing failed. closed stream
À Saint-Lazare c'est un bordel pas possible.
Panneaux de signalisation HS, retard de 30min et pas d'infos. vraiment marre de la @SNCF.
log writing failed. closed stream
RT @Emeline6O: La @SNCF distribue des oeufs de Pâques à PNO. Nous en restera-t-il ! Bloqué sur les voies ! #qml
log writing failed. closed stream
Merci @SNCF je vais pas en cours grâce a vous merci
log writing failed. closed stream
Erreur 404, lien merdique ! https://t.co/7bjWBXF7Vt
log writing failed. closed stream
@PatriceAiello @Olivier__B @SNCF c'est un wagon bi-foudre. Appelé aussi "hérisson inversé".
log writing failed. closed stream
@SNCF ce ne sont pas des info que je veux mais le service que je paie ou 1 remboursement !
log writing failed. closed stream
RT @AllanPoure: 40 minutes de retard ... @SNCF  vous vous foutez de ma gueule serieu
log writing failed. closed stream
I'm at Gare SNCF de Lille Europe - connectgares in Lille, Nord-Pas-de-Calais https://t.co/uPWEVt6zLN #infloodwetrust
log writing failed. closed stream
@Stacybvl @SNCF @LigneH_SNCF 
C'est bien beau d'offrir du chocolat quand on est regulierement en retard.  
Ce matin, ca va 5-7 mn.C paques..
log writing failed. closed stream
enft nos trams a caen ils ont plus de retards et de perturbations que les trains de la sncf, merveilleux
log writing failed. closed stream
Encore un retard de plus sur la ligne Cherbourg paris.... De l'ordre de 30min pour une panne C'est vraiment pénible @SNCF @NdieConquerante
log writing failed. closed stream
@cypcyp77 @ATourneur @Momoznana @JErichot972 "n'engage que moi y compris la SNCF" 🤔😂
log writing failed. closed stream
@CorentinNicolas https://t.co/vFog1XlK3H
log writing failed. closed stream
RT @ArnaudTANQUEREL: Encore un retard de plus sur la ligne Cherbourg paris.... De l'ordre de 30min pour une panne C'est vraiment pénible @S…
log writing failed. closed stream
@cypcyp77 Il est bon avec son "travailler à la SNCF tranquillement" C'est pas le Club Med non plus 😂@mecanote @Momoznana @JErichot972
log writing failed. closed stream
RT @cygal01: Bravo à notre chouchoute @iwheelshare @AudreySovignet @simplonco @SNCFDev #SNCF  https://t.co/4dD7A7cjYB
log writing failed. closed stream
RT @Massmediaxe: inaugurés en grande pompe par Ségo... comme ses voitures Heuliez, elle a dû être un chat noir dans une autre vie ^^ https:…
log writing failed. closed stream
Tarifs opaques et en hausse, retards, sécurité, lignes remplacées par des cars... Les dix scandales de la #SNCF https://t.co/jtDhbOFQDA
log writing failed. closed stream
RT @popoche69008: Un minibus percute un poids lourd dans l'Allier : 12 morts, https://t.co/gYrxquBYY9, via @europe1
Avec les bus Macron/SNC…
log writing failed. closed stream
RT @PascalLafont: #Geodis, filiale de la #SNCF, raffole des chauffeurs roumains ! https://t.co/yJNfAHXS3l via @f_desouche #BourdinDirect #c…
log writing failed. closed stream
RT @Politis_fr: Tarifs opaques et en hausse, retards, sécurité, lignes remplacées par des cars... Les dix scandales de la #SNCF https://t.c…
log writing failed. closed stream
RT @Politis_fr: Tarifs opaques et en hausse, retards, sécurité, lignes remplacées par des cars... Les dix scandales de la #SNCF https://t.c…
log writing failed. closed stream
Pas de train avant 20 minutes, on adooooooore! Merci la SNCF
log writing failed. closed stream
RT @SNCF: Le wifi gratuit et illimité dans plus de 120 gares SNCF : et vous qu'allez-vous en faire ?
https://t.co/7nDy25JY6X
log writing failed. closed stream
RT @Politis_fr: Tarifs opaques et en hausse, retards, sécurité, lignes remplacées par des cars... Les dix scandales de la #SNCF https://t.c…
log writing failed. closed stream
https://t.co/35y4M9fiza va recruter plus de 100 professionnels du numérique en 2016 https://t.co/RosGJI7FqT via @BlogModerateur
log writing failed. closed stream
RT @ArnaudTANQUEREL: Encore un retard de plus sur la ligne Cherbourg paris.... De l'ordre de 30min pour une panne C'est vraiment pénible @S…
log writing failed. closed stream
RT @FondationSNCF: Avec nous, les salariés @SNCF s'engagent via 2 programmes : "Coups de cœur solidaires" &amp; "Mécénat de compétences". https…
log writing failed. closed stream
RT @Korben: Pendant ce temps, Gare du Nord... @SNCF (message d'un ami) https://t.co/yfpN8KdmzL
log writing failed. closed stream
RT @UNEFILLESAGE_: enft nos trams a caen ils ont plus de retards et de perturbations que les trains de la sncf, merveilleux
log writing failed. closed stream
RT @Politis_fr: Tarifs opaques et en hausse, retards, sécurité, lignes remplacées par des cars... Les dix scandales de la #SNCF https://t.c…
log writing failed. closed stream
Autant on applaudit le pilote quand l'avion atterit, autant on devrait applaudir le conducteur #SNCF quand le train part à l'heure...
log writing failed. closed stream
RT @Korben: Pendant ce temps, Gare du Nord... @SNCF (message d'un ami) https://t.co/yfpN8KdmzL
log writing failed. closed stream
Sujet à paraître dans le journal interne Les Infos SNCF et ds notre prochaine newsletter I&amp;P https://t.co/azIu3KAsX9 https://t.co/Ol66fLPqaL
log writing failed. closed stream
RT @I_PCom: Sujet à paraître dans le journal interne Les Infos SNCF et ds notre prochaine newsletter I&amp;P https://t.co/azIu3KAsX9 https://t.…
log writing failed. closed stream
RT @SNCF: Ne voyagez plus sans votre animal de compagnie. Il a aussi sa place à bord ;) Plus d'info : https://t.co/ekQJMugBXE https://t.co/…
log writing failed. closed stream
RT @cestrosi: En moins de 3 mois, j'ai renégocié 1 avenant avec la @SNCF &amp; dans 1 prochain avenant les portiques de sécurité seront mis en …
log writing failed. closed stream
RT @elaurent01: Rencontre de la # sécurité #SNCF à #Tours  Une journée ensemble au coeur des sujets https://t.co/PVNaDAFrwd
log writing failed. closed stream
Rien, on arrive jamais à s'y connecter https://t.co/8k3Tcs0JKD
log writing failed. closed stream
RT @Politis_fr: Tarifs opaques et en hausse, retards, sécurité, lignes remplacées par des cars... Les dix scandales de la #SNCF https://t.c…
log writing failed. closed stream
Bonjour @SNCF ☺
Des informations sur le pourquoi de l arrêt du train #Lens #Lille qui aurait du arriver à 9h02 (30mn qd même) ?
Merci
log writing failed. closed stream
Bonjour @SNCF ☺
Des informations sur le pourquoi de l arrêt du train #Lens #Lille qui aurait du arriver à 9h02 (30mn qd même) ?
Merci
log writing failed. closed stream
50 minutes... plus de retard que de temps de trajet... et c'est loin d'être réglé....
La @SNCF, toujours plus loin dans l'incompétence.
log writing failed. closed stream
@DeMathylde @SNCF va falloir penser a me faire un geste co pour toute les fois ou j ai du prendre le bus
log writing failed. closed stream
@Stacybvl @SNCF @LigneH_SNCF 
27mn au lieu de 15mn de temps trajet. +12mn&gt; Aucune annonce.
Ligne H de 9h05 vrs paris from sarcelles.
log writing failed. closed stream
RT @SNCF: Le wifi gratuit et illimité dans plus de 120 gares SNCF : et vous qu'allez-vous en faire ?
https://t.co/7nDy25JY6X
log writing failed. closed stream
23 lauréats @FondationSNCF en Auvergne Rhône-Alpes pour cet appel à projets #illettrisme https://t.co/4Gb5nmZU5d
log writing failed. closed stream
@RERA_RATP @GroupeRATP @SNCF @galeRERAfr merci de changer la direction des trains sans l'annonce dans le train lui même bande de con
log writing failed. closed stream
Trois actes suicidaires en 3 jours dans la région https://t.co/76kfubhqZO #SNCF #PDL
log writing failed. closed stream
C'est qui le stagiaire SNCF qui a dit que mon train était en panne et qu'il bloquait la circulation jusqu'en fin de matinée ?!
log writing failed. closed stream
RT @Politis_fr: Tarifs opaques et en hausse, retards, sécurité, lignes remplacées par des cars... Les dix scandales de la #SNCF https://t.c…
log writing failed. closed stream
Merci la @SNCF pour ces magnifiques conditions de voyage ! (Et oui, je paie ma place, et mes chiens aussi). https://t.co/vmBcjo3aDZ
log writing failed. closed stream
RT @NizOkA_Fr: @RERA_RATP @GroupeRATP @SNCF @galeRERAfr merci de changer la direction des trains sans l'annonce dans le train lui même band…
log writing failed. closed stream
#SNCF #TRANSILIEN à l'écoute et partenaire du territoire #Seineetmarne #conseildepartemental @Departement77, https://t.co/Ghbykg0ZM1
log writing failed. closed stream
RT @Politis_fr: Tarifs opaques et en hausse, retards, sécurité, lignes remplacées par des cars... Les dix scandales de la #SNCF https://t.c…
log writing failed. closed stream
SNCF - Le #BigData et le #numérique entrent en gare https://t.co/ho7FsS921G #data #analyse #donnee
log writing failed. closed stream
.@JCDecaux_France renouvelle le contrat «hors gare» avec SNCF Réseau pour 8 ans [accès libre]https://t.co/xhnYG2sdcy https://t.co/pyp0nH3bxp
log writing failed. closed stream
.@JCDecaux_France renouvelle le contrat «hors gare» avec SNCF Réseau pour 8 ans [accès libre]https://t.co/18t7lU2wvF https://t.co/rcmenJ0EOt
log writing failed. closed stream
RT @Korben: Pendant ce temps, Gare du Nord... @SNCF (message d'un ami) https://t.co/yfpN8KdmzL
log writing failed. closed stream
RT @I_PCom: Sujet à paraître dans le journal interne Les Infos SNCF et ds notre prochaine newsletter I&amp;P https://t.co/azIu3KAsX9 https://t.…
log writing failed. closed stream
RT @DPMOGetItRight: Du coup pour travailler à l'accueil faut un Master ? @SNCF https://t.co/znrbwtC9FK
log writing failed. closed stream
RT @FondationSNCF: Trois questions à Cécile Bouhet sur le rôle du #mécénatdecompétences dans une entreprise comme la @sncf. https://t.co/4D…
log writing failed. closed stream
RT @AurelieCoudouel: https://t.co/35y4M9fiza va recruter plus de 100 professionnels du numérique en 2016 https://t.co/RosGJI7FqT via @BlogM…
log writing failed. closed stream
@SNCF Je suis à la gare de Chessy, j'ai un train ouigo à prendre je dois me présenter où ?
log writing failed. closed stream
@MarionKatic parce que la sncf m'a trop nrv lààààààà
log writing failed. closed stream
On fait des Hackathon à la #sncf. Un de prévu sur la sécu ?! https://t.co/VNYQBXZQM1 @Btilloy @Yves Tyrode @SNCF_Digital @StephanyLaloi
log writing failed. closed stream
RT @strategies1: .@JCDecaux_France renouvelle le contrat «hors gare» avec SNCF Réseau pour 8 ans [accès libre]https://t.co/xhnYG2sdcy https…
log writing failed. closed stream
On râle après la SNCF à cause de ses retards, mais si ça se trouve depuis tout ce temps c'est juste le train d'après qui est en avance.
log writing failed. closed stream
Tvx @SNCF Paris Orleans le WE de Pâques, zéro train, covoiturage complet -&gt; mon copain ne peut me retrouver pour mon anniv. #mercipourlekdo
log writing failed. closed stream
#POLT : découvrez à quoi ressemblent les nouveaux wagons de la #SNCF  https://t.co/KMRSy99ted https://t.co/82pm1b0NjR
log writing failed. closed stream
JCDecaux renouvelle le contrat «hors gare» avec SNCF Réseau pour 8 ans https://t.co/i1pDBvRGjD
log writing failed. closed stream
@RERA_RATP vous voulez pas juste rajouter un ou deux bus sur Bussy-Lagny? Gare sncf là-bas ! #rera
log writing failed. closed stream
Mais c'est abusé la @SNCF vous aimez pas la Picardie ou quoi ? Y a tout le temps des problèmes . C'est trop !
log writing failed. closed stream
Ils sont cool vos écrans @SNCF @LIGNEL_sncf  #BeconLesBruyeres :p https://t.co/pqpqEL8JbI
log writing failed. closed stream
RT @strategies1: .@JCDecaux_France renouvelle le contrat «hors gare» avec SNCF Réseau pour 8 ans [accès libre]https://t.co/xhnYG2sdcy https…
log writing failed. closed stream
Strategies.fr : A la une La SNCF reconduit le contrat du spécialiste de la communication extérieure JCDecaux en... https://t.co/dnRPmxYOQS
log writing failed. closed stream
Anticiper un retard a la @SNCF c est 3 minutes avant le depart. Quel service! Encore en supra galere
log writing failed. closed stream
@SNCF @ouigoSNCF J'ai un train ouigo à prendre je dois me présenter où s'il vous' plait ?
log writing failed. closed stream
RT @strategies1: .@JCDecaux_France renouvelle le contrat «hors gare» avec SNCF Réseau pour 8 ans [accès libre]https://t.co/xhnYG2sdcy https…
log writing failed. closed stream
RT @BlogModerateur: https://t.co/5Vx72GRt6u va recruter plus de 100 professionnels du numérique en 2016 https://t.co/rhnGzJ3Dvr https://t.c…
log writing failed. closed stream
RT @EISENMANLaurent: #SNCF #TRANSILIEN à l'écoute et partenaire du territoire #Seineetmarne #conseildepartemental @Departement77, https://t…
log writing failed. closed stream
@SNCF @ouigoSNCF train à Chessy
log writing failed. closed stream
RT @imSalem__: la Sncf c'est des oufs,mdr tu vois y a marqué train à l'approche,2 seconde après train supprimé,comment ça le train sur les …
log writing failed. closed stream
I'm at Gare SNCF de Marseille Saint-Charles - @connectgares in Marseille, PACA https://t.co/nCdVvXxdmI
log writing failed. closed stream
.@CaroleDelga remercie @SNCF pour sa participation et son soutien à cette concertation #RailLRMP https://t.co/vKXrhVE1DA
log writing failed. closed stream
3h45 de retard lundi et aujourd'hui je suis encore bloquer à cause d'un problème d'aiguillage sympas de voyager avec la @SNCF
log writing failed. closed stream
DR #Montpellier #Sncf https://t.co/m5FPYQWgJI
log writing failed. closed stream
Gare de Perrache SNCF https://t.co/DUldzrRgoR
log writing failed. closed stream
Deja que vous changez tout les horaires mais en plus les trains sont en retard ? Merci @SNCF vous faites vachement du bon boulot 👍🏻
log writing failed. closed stream
congrats M&amp;CSaatchi Little Stories ! https://t.co/jUQbMf1MdG
log writing failed. closed stream
#SNCF youpi mon trin va avwar un retar de 20 a 40 minute ces tro coule !!!
log writing failed. closed stream
Festival Panoramas du 25 au 27 mars. Un point de vente Forfait TER éphémère est installé Sortie Nord Gare de Rennes https://t.co/ecNa4SzDC9
log writing failed. closed stream
RT @blandinerocca: #FF @JacquesROCHE Un top communicant #SNCF qui part voguer et putter vers de nouvelles aventures... Enjoy taulier!
log writing failed. closed stream
🚂 Admirer les paysages &amp; retrouver l'esprit du voyage grâce à l'Intercité éco🍃 
@sncf @TUForg https://t.co/IaozhXiJw4
log writing failed. closed stream
RT @PascalLafont: #Geodis, filiale de la #SNCF, raffole des chauffeurs roumains ! https://t.co/yJNfAHXS3l via @f_desouche #BourdinDirect #c…
log writing failed. closed stream
La SNCF qui me donne des chocolats dans le train,
BORDEL LA SNCF, pour une fois qu'ils font un truc bien x)
log writing failed. closed stream
/home/pierre/.rvm/gems/ruby-2.3.0/gems/eventmachine-1.2.0.1/lib/eventmachine.rb:794:in `connect_server': unable to resolve server address: Connection timed out (EventMachine::ConnectionError)
	from /home/pierre/.rvm/gems/ruby-2.3.0/gems/eventmachine-1.2.0.1/lib/eventmachine.rb:794:in `reconnect'
	from /home/pierre/.rvm/gems/ruby-2.3.0/gems/eventmachine-1.2.0.1/lib/em/connection.rb:686:in `reconnect'
	from /home/pierre/.rvm/gems/ruby-2.3.0/gems/em-twitter-0.3.5/lib/em-twitter/connection.rb:291:in `block in reconnect_after'
	from /home/pierre/.rvm/gems/ruby-2.3.0/gems/eventmachine-1.2.0.1/lib/eventmachine.rb:194:in `run_machine'
	from /home/pierre/.rvm/gems/ruby-2.3.0/gems/eventmachine-1.2.0.1/lib/eventmachine.rb:194:in `run'
	from /home/pierre/.rvm/gems/ruby-2.3.0/gems/tweetstream-2.6.1/lib/tweetstream/client.rb:403:in `start'
	from /home/pierre/.rvm/gems/ruby-2.3.0/gems/tweetstream-2.6.1/lib/tweetstream/daemon.rb:48:in `block in start'
	from /home/pierre/.rvm/gems/ruby-2.3.0/gems/daemons-1.2.3/lib/daemons/application.rb:265:in `block in start_proc'
	from /home/pierre/.rvm/gems/ruby-2.3.0/gems/daemons-1.2.3/lib/daemons/daemonize.rb:84:in `call_as_daemon'
	from /home/pierre/.rvm/gems/ruby-2.3.0/gems/daemons-1.2.3/lib/daemons/application.rb:269:in `start_proc'
	from /home/pierre/.rvm/gems/ruby-2.3.0/gems/daemons-1.2.3/lib/daemons/application.rb:295:in `start'
	from /home/pierre/.rvm/gems/ruby-2.3.0/gems/daemons-1.2.3/lib/daemons/controller.rb:56:in `run'
	from /home/pierre/.rvm/gems/ruby-2.3.0/gems/daemons-1.2.3/lib/daemons.rb:193:in `block in run_proc'
	from /home/pierre/.rvm/gems/ruby-2.3.0/gems/daemons-1.2.3/lib/daemons/cmdline.rb:88:in `catch_exceptions'
	from /home/pierre/.rvm/gems/ruby-2.3.0/gems/daemons-1.2.3/lib/daemons.rb:192:in `run_proc'
	from /home/pierre/.rvm/gems/ruby-2.3.0/gems/tweetstream-2.6.1/lib/tweetstream/daemon.rb:47:in `start'
	from /home/pierre/.rvm/gems/ruby-2.3.0/gems/tweetstream-2.6.1/lib/tweetstream/client.rb:136:in `filter'
	from /home/pierre/.rvm/gems/ruby-2.3.0/gems/tweetstream-2.6.1/lib/tweetstream/client.rb:105:in `track'
	from twitter_daemon.rb:33:in `<main>'
